STEP translation to Solid Edge
Date: Friday,May 10,2024 08:06AM
Source File: D:\Gitbucket\Model3D\Master\XH2.54-3P.step
Author: Unknown
Organization: Unknown
Source System: SolidWorks 2022

Hardware:
Processor: 11th Gen Intel(R) Core(TM) i5-11400 @ 2.60GHz
Operating System: Windows 11 Version:23H2 Build:22631 System Type:64-bit
Installed Memory: 15.84 GB

Software Information
Parasolid Version: 36.0.142
PSBodyShop Version: 36.0.108
Step Adapter Version: 13.0.163
Solid Edge Version: 224.00.00.101 x64

Step Import Options
Import Faceted Bodies: On
Import Check Bodies: Off
Import Curves: On
Import DoNotSave: On
Import Multiple Bodies As Single Part File: On
Import Optimize:Off
Import Stitch Surfaces: On
Import Boolean Solids: On
Make Base Feature: On
Simplify Geometry: On
Import Imprint Curves: On
Import Drive: C:
Import Stitch Surfaces: On
Import Surfaces: On
Import Output Path: D:\Gitbucket\Model3D\Master
Import Enable Default Output Path: On
Import PMI: Off
Import As Internal Components: Off
Import Path: 

Translating to Parasolid data types...
Placing D:\Gitbucket\Model3D\Master\91CC20F0-9961-480C-A046-AB900E5B8DE0.par
Translation process completed
Total time required to translate and post process:00 : 00 : 01
